kotlin version: 2.4.0
error message: Incremental compilation failed: The following FqNames can't be derived from DirtyData.dirtyLookupSymbols: util.data.Pos.
DirtyData = DirtyData(dirtyLookupSymbols=[LookupSymbol(name=MIN_HEAT, scope=system.grid.Pathfinding), LookupSymbol(name=<SAM-CONSTRUCTOR>, scope=system.grid.Pathfinding), LookupSymbol(name=UNREACHED, scope=system.grid.Pathfinding), LookupSymbol(name=MAX_HEAT, scope=system.grid.Pathfinding), LookupSymbol(name=<SAM-CONSTRUCTOR>, scope=util.data.Pos), LookupSymbol(name=Pathfinding, scope=system.grid), LookupSymbol(name=res, scope=util.data.Pos.Companion), LookupSymbol(name=<SAM-CONSTRUCTOR>, scope=util.data.Pos.Companion), LookupSymbol(name=YIELD_EVERY_CELLS, scope=system.grid.Pathfinding), LookupSymbol(name=Companion, scope=util.data.Pos)], dirtyClassesFqNames=[system.grid.Pathfinding, util.data.Pos, util.data.Pos.Companion], dirtyClassesFqNamesForceRecompile=[])
java.lang.IllegalStateException: The following FqNames can't be derived from DirtyData.dirtyLookupSymbols: util.data.Pos.
DirtyData = DirtyData(dirtyLookupSymbols=[LookupSymbol(name=MIN_HEAT, scope=system.grid.Pathfinding), LookupSymbol(name=<SAM-CONSTRUCTOR>, scope=system.grid.Pathfinding), LookupSymbol(name=UNREACHED, scope=system.grid.Pathfinding), LookupSymbol(name=MAX_HEAT, scope=system.grid.Pathfinding), LookupSymbol(name=<SAM-CONSTRUCTOR>, scope=util.data.Pos), LookupSymbol(name=Pathfinding, scope=system.grid), LookupSymbol(name=res, scope=util.data.Pos.Companion), LookupSymbol(name=<SAM-CONSTRUCTOR>, scope=util.data.Pos.Companion), LookupSymbol(name=YIELD_EVERY_CELLS, scope=system.grid.Pathfinding), LookupSymbol(name=Companion, scope=util.data.Pos)], dirtyClassesFqNames=[system.grid.Pathfinding, util.data.Pos, util.data.Pos.Companion], dirtyClassesFqNamesForceRecompile=[])
	at org.jetbrains.kotlin.incremental.classpathDiff.ClasspathChangesComputer.toProgramSymbols(ClasspathChangesComputer.kt:362)
	at org.jetbrains.kotlin.incremental.classpathDiff.ClasspathChangesComputer.computeFineGrainedKotlinClassChanges(ClasspathChangesComputer.kt:262)
	at org.jetbrains.kotlin.incremental.classpathDiff.ClasspathChangesComputer.computeKotlinClassChanges(ClasspathChangesComputer.kt:162)
	at org.jetbrains.kotlin.incremental.classpathDiff.ClasspathChangesComputer.computeClassChanges(ClasspathChangesComputer.kt:135)
	at org.jetbrains.kotlin.incremental.classpathDiff.ClasspathChangesComputer.computeChangedAndImpactedSet(ClasspathChangesComputer.kt:85)
	at org.jetbrains.kotlin.incremental.classpathDiff.ClasspathChangesComputer.computeClasspathChanges(ClasspathChangesComputer.kt:53)
	at org.jetbrains.kotlin.incremental.dirtyFiles.ClasspathSnapshotBasedImpactDeterminer.determineChangedAndImpactedSymbols(ClasspathSnapshotBasedImpactDeterminer.kt:40)
	at org.jetbrains.kotlin.incremental.dirtyFiles.JvmSourcesToCompileCalculator.calculateSourcesToCompileImpl(JvmSourcesToCompileCalculator.kt:40)
	at org.jetbrains.kotlin.incremental.dirtyFiles.JvmSourcesToCompileCalculator.calculateWithClasspathSnapshot(JvmSourcesToCompileCalculator.kt:96)
	at org.jetbrains.kotlin.incremental.IncrementalJvmCompilerRunner.calculateSourcesToCompile(IncrementalJvmCompilerRunner.kt:68)
	at org.jetbrains.kotlin.incremental.IncrementalJvmCompilerRunner.calculateSourcesToCompile(IncrementalJvmCompilerRunner.kt:26)
	at org.jetbrains.kotlin.incremental.IncrementalCompilerRunner.tryCompileIncrementally$lambda$0$compile(IncrementalCompilerRunner.kt:247)
	at org.jetbrains.kotlin.incremental.IncrementalCompilerRunner.tryCompileIncrementally(IncrementalCompilerRunner.kt:289)
	at org.jetbrains.kotlin.incremental.IncrementalCompilerRunner.compile(IncrementalCompilerRunner.kt:130)
	at org.jetbrains.kotlin.daemon.CompileServiceImplBase.execIncrementalCompiler(CompileServiceImpl.kt:782)
	at org.jetbrains.kotlin.daemon.CompileServiceImplBase.access$execIncrementalCompiler(CompileServiceImpl.kt:108)
	at org.jetbrains.kotlin.daemon.CompileServiceImpl.compile(CompileServiceImpl.kt:2046)
	at java.base/jdk.internal.reflect.DirectMethodHandleAccessor.invoke(DirectMethodHandleAccessor.java:103)
	at java.base/java.lang.reflect.Method.invoke(Method.java:580)
	at java.rmi/sun.rmi.server.UnicastServerRef.dispatch(UnicastServerRef.java:360)
	at java.rmi/sun.rmi.transport.Transport$1.run(Transport.java:200)
	at java.rmi/sun.rmi.transport.Transport$1.run(Transport.java:197)
	at java.base/java.security.AccessController.doPrivileged(AccessController.java:714)
	at java.rmi/sun.rmi.transport.Transport.serviceCall(Transport.java:196)
	at java.rmi/sun.rmi.transport.tcp.TCPTransport.handleMessages(TCPTransport.java:598)
	at java.rmi/sun.rmi.transport.tcp.TCPTransport$ConnectionHandler.run0(TCPTransport.java:844)
	at java.rmi/sun.rmi.transport.tcp.TCPTransport$ConnectionHandler.lambda$run$0(TCPTransport.java:721)
	at java.base/java.security.AccessController.doPrivileged(AccessController.java:400)
	at java.rmi/sun.rmi.transport.tcp.TCPTransport$ConnectionHandler.run(TCPTransport.java:720)
	at java.base/java.util.concurrent.ThreadPoolExecutor.runWorker(ThreadPoolExecutor.java:1144)
	at java.base/java.util.concurrent.ThreadPoolExecutor$Worker.run(ThreadPoolExecutor.java:642)
	at java.base/java.lang.Thread.run(Thread.java:1583)


